--- --- ---
Script started at: Fri Sep 13 10:00:01 PM MDT 2024
rtcwake: wakeup using /dev/rtc0 at Mon Sep 16 07:00:00 2024
rtcwake command issued
Shutdown command issued at: Fri Sep 13 10:00:01 PM MDT 2024
--- --- ---
Script started at: Fri Sep 20 10:00:01 PM MDT 2024
rtcwake: wakeup using /dev/rtc0 at Mon Sep 23 07:00:00 2024
rtcwake command issued
Shutdown command issued at: Fri Sep 20 10:00:01 PM MDT 2024
--- --- ---
Script started at: Fri Sep 27 10:00:01 PM MDT 2024
rtcwake: wakeup using /dev/rtc0 at Mon Sep 30 07:00:00 2024
rtcwake command issued
Shutdown command issued at: Fri Sep 27 10:00:01 PM MDT 2024
--- --- ---
Script started at: Wed Oct  2 10:00:01 AM MDT 2024
rtcwake: wakeup using /dev/rtc0 at Mon Oct  7 07:00:00 2024
rtcwake command issued
Shutdown command issued at: Wed Oct  2 10:00:01 AM MDT 2024
--- --- ---
Script started at: Wed Oct  2 10:08:58 AM MDT 2024
rtcwake: wakeup using /dev/rtc0 at Mon Oct  7 07:00:00 2024
rtcwake command issued
Shutdown command issued at: Wed Oct  2 10:08:58 AM MDT 2024
--- --- ---
Script started at: Wed Oct  2 10:18:41 AM MDT 2024
rtcwake command issued
--- --- ---
Script started at: Wed Oct  2 10:21:11 AM MDT 2024
rtcwake command issued
Shutdown command issued at: Wed Oct  2 10:21:22 AM MDT 2024
--- --- ---
Script started at: Wed Oct  2 10:38:22 AM MDT 2024
rtcwake: wakeup using /dev/rtc0 at Wed Oct  2 16:40:22 2024
rtcwake command issued
Shutdown command issued at: Wed Oct  2 10:38:32 AM MDT 2024
--- --- ---
Script started at: Wed Oct  2 01:16:01 PM MDT 2024
rtcwake: wakeup using /dev/rtc0 at Wed Oct  2 19:18:01 2024
rtcwake command issued
Shutdown command issued at: Wed Oct  2 01:16:11 PM MDT 2024
--- --- ---
Script started at: Wed Oct  2 01:28:01 PM MDT 2024
rtcwake: wakeup using /dev/rtc0 at Wed Oct  2 19:30:01 2024
rtcwake command issued
Shutdown command issued at: Wed Oct  2 01:28:11 PM MDT 2024
